Сборка начата 30.11.2015 22:01:57.
     1>Проект "C:\Users\Fed\Documents\GitHub\msup_online_audio\radio_client\radio_client\radio_client.vcxproj" в узле 2 (целевые объекты Build).
     1>ClCompile:
         C:\Program Files (x86)\Microsoft Visual Studio 14.0\VC\bin\x86_amd64\CL.exe /c /AI"C:\Program Files (x86)\Reference Assemblies\Microsoft\Framework\.NETFramework\v4.5.2\\" /AI"C:\Program Files (x86)\Windows Kits\8.1\References\CommonConfiguration\Neutral" /AI"C:\Program Files (x86)\Reference Assemblies\Microsoft\Framework\.NETFramework\v4.5.2\Facades\\" /Zi /clr /nologo /W3 /WX- /Od /D _DEBUG /D _UNICODE /D UNICODE /EHa /MDd /GS /fp:precise /Zc:wchar_t /Zc:forScope /Zc:inline /Fo"x64\Debug\\" /Fd"x64\Debug\vc140.pdb" /TP /FU"C:\Program Files (x86)\Reference Assemblies\Microsoft\Framework\.NETFramework\v4.5.2\mscorlib.dll" /FU"C:\Program Files (x86)\Reference Assemblies\Microsoft\Framework\.NETFramework\v4.5.2\System.Data.dll" /FU"C:\Program Files (x86)\Reference Assemblies\Microsoft\Framework\.NETFramework\v4.5.2\System.dll" /FU"C:\Program Files (x86)\Reference Assemblies\Microsoft\Framework\.NETFramework\v4.5.2\System.Drawing.dll" /FU"C:\Program Files (x86)\Reference Assemblies\Microsoft\Framework\.NETFramework\v4.5.2\System.Windows.Forms.dll" /FU"C:\Program Files (x86)\Reference Assemblies\Microsoft\Framework\.NETFramework\v4.5.2\System.Xml.dll" /errorReport:prompt /clr:nostdlib client_app.cpp client_interface.cpp
         client_app.cpp
     1>c:\users\fed\documents\github\msup_online_audio\radio_client\radio_client\client_interface.h(8): error C4430: отсутствует спецификатор типа - предполагается int. Примечание. C++ не поддерживает int по умолчанию
     1>c:\users\fed\documents\github\msup_online_audio\radio_client\radio_client\client_interface.h(8): error C2146: синтаксическая ошибка: отсутствие ";" перед идентификатором "stream"
     1>c:\users\fed\documents\github\msup_online_audio\radio_client\radio_client\client_interface.h(98): error C2065: BASS_DEVICE_3D: необъявленный идентификатор
     1>c:\users\fed\documents\github\msup_online_audio\radio_client\radio_client\client_interface.h(98): error C3861: BASS_Init: идентификатор не найден
     1>c:\users\fed\documents\github\msup_online_audio\radio_client\radio_client\client_interface.h(105): error C3861: BASS_StreamCreateFile: идентификатор не найден
     1>c:\users\fed\documents\github\msup_online_audio\radio_client\radio_client\client_interface.h(113): error C3861: BASS_ChannelPlay: идентификатор не найден
     1>c:\users\fed\documents\github\msup_online_audio\radio_client\radio_client\client_interface.h(115): error C3861: BASS_ChannelIsActive: идентификатор не найден
     1>c:\users\fed\documents\github\msup_online_audio\radio_client\radio_client\client_interface.h(115): error C2065: BASS_ACTIVE_STOPPED: необъявленный идентификатор
     1>c:\users\fed\documents\github\msup_online_audio\radio_client\radio_client\client_interface.h(124): error C3861: BASS_ChannelStop: идентификатор не найден
     1>c:\users\fed\documents\github\msup_online_audio\radio_client\radio_client\client_interface.h(125): error C3861: BASS_StreamFree: идентификатор не найден
         client_interface.cpp
     1>c:\users\fed\documents\github\msup_online_audio\radio_client\radio_client\client_interface.h(8): error C4430: отсутствует спецификатор типа - предполагается int. Примечание. C++ не поддерживает int по умолчанию
     1>c:\users\fed\documents\github\msup_online_audio\radio_client\radio_client\client_interface.h(8): error C2146: синтаксическая ошибка: отсутствие ";" перед идентификатором "stream"
     1>c:\users\fed\documents\github\msup_online_audio\radio_client\radio_client\client_interface.h(98): error C2065: BASS_DEVICE_3D: необъявленный идентификатор
     1>c:\users\fed\documents\github\msup_online_audio\radio_client\radio_client\client_interface.h(98): error C3861: BASS_Init: идентификатор не найден
     1>c:\users\fed\documents\github\msup_online_audio\radio_client\radio_client\client_interface.h(105): error C3861: BASS_StreamCreateFile: идентификатор не найден
     1>c:\users\fed\documents\github\msup_online_audio\radio_client\radio_client\client_interface.h(113): error C3861: BASS_ChannelPlay: идентификатор не найден
     1>c:\users\fed\documents\github\msup_online_audio\radio_client\radio_client\client_interface.h(115): error C3861: BASS_ChannelIsActive: идентификатор не найден
     1>c:\users\fed\documents\github\msup_online_audio\radio_client\radio_client\client_interface.h(115): error C2065: BASS_ACTIVE_STOPPED: необъявленный идентификатор
     1>c:\users\fed\documents\github\msup_online_audio\radio_client\radio_client\client_interface.h(124): error C3861: BASS_ChannelStop: идентификатор не найден
     1>c:\users\fed\documents\github\msup_online_audio\radio_client\radio_client\client_interface.h(125): error C3861: BASS_StreamFree: идентификатор не найден
         Создание кода...
     1>Сборка проекта "C:\Users\Fed\Documents\GitHub\msup_online_audio\radio_client\radio_client\radio_client.vcxproj" завершена (целевые объекты Build) с ошибкой.

Ошибка сборки.

Затраченное время: 00:00:01.40
